<?xml version="1.0" encoding="UTF-8"?>
<!-- Generated by org.testng.reporters.JUnitReportReporter -->
<testsuite hostname="ICPL12858" name="com.Learning.WebServices.Extraction_Data" tests="1" failures="0" timestamp="19 Jun 2019 08:30:09 GMT" time="2.479" errors="0">
  <testcase name="etractData" time="2.479" classname="com.Learning.WebServices.Extraction_Data"/>
</testsuite> <!-- com.Learning.WebServices.Extraction_Data -->
