<?xml version="1.0" encoding="UTF-8"?>
<!-- Generated by org.testng.reporters.JUnitReportReporter -->
<testsuite hostname="ICPL12858" name="com.Learning.WebServices.Post_Demo1" tests="1" failures="0" timestamp="19 Jun 2019 06:21:27 GMT" time="2.713" errors="0">
  <testcase name="testPOST" time="2.713" classname="com.Learning.WebServices.Post_Demo1"/>
</testsuite> <!-- com.Learning.WebServices.Post_Demo1 -->
