<?xml version="1.0" encoding="UTF-8"?>
<!-- Generated by org.testng.reporters.JUnitReportReporter -->
<testsuite hostname="ICPL12858" name="com.Learning.WebServices.Put_ResrAssuredDemo" tests="1" failures="0" timestamp="19 Jun 2019 07:00:02 GMT" time="3.004" errors="0">
  <testcase name="testPut" time="3.004" classname="com.Learning.WebServices.Put_ResrAssuredDemo"/>
</testsuite> <!-- com.Learning.WebServices.Put_ResrAssuredDemo -->
