<?xml version="1.0" encoding="UTF-8"?>
<!-- Generated by org.testng.reporters.JUnitReportReporter -->
<testsuite hostname="ICPL12858" name="com.Learning.WebServices.RestAssured_Post" tests="1" failures="0" timestamp="19 Jun 2019 05:54:10 GMT" time="2.679" errors="0">
  <testcase name="postData" time="2.679" classname="com.Learning.WebServices.RestAssured_Post"/>
</testsuite> <!-- com.Learning.WebServices.RestAssured_Post -->
