<?xml version="1.0" encoding="UTF-8"?>
<!-- Generated by org.testng.reporters.JUnitReportReporter -->
<testsuite hostname="ICPL12858" name="com.Learning.WebServices.ProjectDubug_GET_RestAssuredExample" tests="1" failures="0" timestamp="19 Jun 2019 00:45:50 GMT" time="2.796" errors="0">
  <testcase name="test_NumberOfCircuitsFor2017Season_ShouldBe20" time="2.796" classname="com.Learning.WebServices.ProjectDubug_GET_RestAssuredExample"/>
</testsuite> <!-- com.Learning.WebServices.ProjectDubug_GET_RestAssuredExample -->
