<?xml version="1.0" encoding="UTF-8"?>
<!-- Generated by org.testng.reporters.JUnitReportReporter -->
<testsuite hostname="ICPL12858" name="com.Learning.WebServices.Delete_ResrAssured" tests="1" failures="0" timestamp="19 Jun 2019 07:24:36 GMT" time="2.736" errors="0">
  <testcase name="testDelete" time="2.736" classname="com.Learning.WebServices.Delete_ResrAssured"/>
</testsuite> <!-- com.Learning.WebServices.Delete_ResrAssured -->
