<?xml version="1.0" encoding="UTF-8"?>
<!-- Generated by org.testng.reporters.JUnitReportReporter -->
<testsuite hostname="ICPL12858" name="com.Learning.WebServices.JsonPathExtraction" tests="1" failures="0" timestamp="19 Jun 2019 09:29:13 GMT" time="0.298" errors="0">
  <testcase name="veifyPostNumber" time="0.298" classname="com.Learning.WebServices.JsonPathExtraction"/>
</testsuite> <!-- com.Learning.WebServices.JsonPathExtraction -->
