<?xml version="1.0" encoding="UTF-8"?>
<!-- Generated by org.testng.reporters.JUnitReportReporter -->
<testsuite hostname="ICPL12858" name="com.Learning.WebServices.QueryParams" tests="2" failures="0" timestamp="19 Jun 2019 08:52:44 GMT" time="1.462" errors="0">
  <testcase name="verifyAllComments" time="1.228" classname="com.Learning.WebServices.QueryParams"/>
  <testcase name="verifyFilterdComments" time="0.234" classname="com.Learning.WebServices.QueryParams"/>
</testsuite> <!-- com.Learning.WebServices.QueryParams -->
